<?xml version="1.0" encoding="UTF-8"?>
<!-- Generated by org.testng.reporters.JUnitXMLReporter -->
<testsuite ignored="5" hostname="DESKTOP-I2VH279" failures="0" tests="1" name="Default test" time="6.721" errors="0" timestamp="2022-07-14T20:17:59 IST">
  <testcase classname="com.pack.test.LoginTestClass" name="Shop" time="6.502"/>
  <testcase classname="com.pack.test.LoginTestClass" name="dropdown" time="0.0">
    <ignored/>
  </testcase> <!-- dropdown -->
  <testcase classname="com.pack.test.LoginTestClass" name="scrollDown" time="0.0">
    <ignored/>
  </testcase> <!-- scrollDown -->
  <testcase classname="com.pack.test.LoginTestClass" name="table" time="0.0">
    <ignored/>
  </testcase> <!-- table -->
  <testcase classname="com.pack.test.LoginTestClass" name="cart" time="0.0">
    <ignored/>
  </testcase> <!-- cart -->
  <testcase classname="com.pack.test.LoginTestClass" name="clickOnBook" time="0.0">
    <ignored/>
  </testcase> <!-- clickOnBook -->
</testsuite> <!-- Default test -->
