<?xml version="1.0" encoding="UTF-8"?>
<testng-results ignored="5" total="6" passed="1" failed="0" skipped="0">
  <reporter-output>
  </reporter-output>
  <suite started-at="2022-07-14T20:17:52 IST" name="Default suite" finished-at="2022-07-14T20:17:58 IST" duration-ms="6721">
    <groups>
    </groups>
    <test started-at="2022-07-14T20:17:52 IST" name="Default test" finished-at="2022-07-14T20:17:58 IST" duration-ms="6721">
      <class name="com.pack.test.LoginTestClass">
        <test-method is-config="true" signature="start()[pri:0, instance:com.pack.test.LoginTestClass@6d763516]" started-at="2022-07-14T20:16:58 IST" name="start" finished-at="2022-07-14T20:17:52 IST" duration-ms="54111" status="PASS">
          <reporter-output>
          </reporter-output>
        </test-method> <!-- start -->
        <test-method signature="Shop()[pri:0, instance:com.pack.test.LoginTestClass@6d763516]" started-at="2022-07-14T20:17:52 IST" name="Shop" description="Click on Shop" finished-at="2022-07-14T20:17:58 IST" duration-ms="6502" status="PASS">
          <reporter-output>
          </reporter-output>
        </test-method> <!-- Shop -->
        <test-method is-config="true" signature="end()[pri:0, instance:com.pack.test.LoginTestClass@6d763516]" started-at="2022-07-14T20:17:59 IST" name="end" finished-at="2022-07-14T20:18:01 IST" duration-ms="1343" status="PASS">
          <reporter-output>
          </reporter-output>
        </test-method> <!-- end -->
      </class> <!-- com.pack.test.LoginTestClass -->
    </test> <!-- Default test -->
  </suite> <!-- Default suite -->
</testng-results>
